<?xml version="1.0" encoding="UTF-8"?>
<testng-results ignored="0" total="1" passed="1" failed="0" skipped="0">
  <reporter-output>
  </reporter-output>
  <suite started-at="2024-02-27T11:24:36 IST" name="Default suite" finished-at="2024-02-27T11:24:36 IST" duration-ms="47">
    <groups>
    </groups>
    <test started-at="2024-02-27T11:24:36 IST" name="Default test" finished-at="2024-02-27T11:24:36 IST" duration-ms="47">
      <class name="testng.firstTest">
        <test-method signature="test()[pri:0, instance:testng.firstTest@236e3f4e]" started-at="2024-02-27T11:24:36 IST" name="test" finished-at="2024-02-27T11:24:36 IST" duration-ms="7" status="PASS">
          <reporter-output>
          </reporter-output>
        </test-method> <!-- test -->
      </class> <!-- testng.firstTest -->
    </test> <!-- Default test -->
  </suite> <!-- Default suite -->
</testng-results>
